2013/10/18 14:42:57 [error] [exception.CHttpException.404] exception 'CHttpException' with message 'Unable to resolve the request "gii".' in /var/www/yii-1.1.13.e9e4a0/framework/web/CWebApplication.php:286
Stack trace:
#0 /var/www/yii-1.1.13.e9e4a0/framework/web/CWebApplication.php(141): CWebApplication->runController('gii')
#1 /var/www/yii-1.1.13.e9e4a0/framework/base/CApplication.php(169): CWebApplication->processRequest()
#2 /var/www/first/index.php(13): CApplication->run()
#3 {main}
REQUEST_URI=/first/index.php?r=gii
---
2013/10/18 14:43:06 [error] [exception.CHttpException.404] exception 'CHttpException' with message 'Unable to resolve the request "gii".' in /var/www/yii-1.1.13.e9e4a0/framework/web/CWebApplication.php:286
Stack trace:
#0 /var/www/yii-1.1.13.e9e4a0/framework/web/CWebApplication.php(141): CWebApplication->runController('gii')
#1 /var/www/yii-1.1.13.e9e4a0/framework/base/CApplication.php(169): CWebApplication->processRequest()
#2 /var/www/first/index.php(13): CApplication->run()
#3 {main}
REQUEST_URI=/first/index.php?r=gii
---
2014/02/17 18:20:35 [error] [exception.CException] exception 'CException' with message 'Alias "ext.pdfJs.QPdfJs" is invalid. Make sure it points to an existing PHP file and the file is readable.' in /var/www/yii-1.1.13.e9e4a0/framework/YiiBase.php:316
Stack trace:
#0 /var/www/yii-1.1.13.e9e4a0/framework/web/CWidgetFactory.php(146): YiiBase::import('ext.pdfJs.QPdfJ...', true)
#1 /var/www/yii-1.1.13.e9e4a0/framework/web/CBaseController.php(146): CWidgetFactory->createWidget(Object(SiteController), 'ext.pdfJs.QPdfJ...', Array)
#2 /var/www/yii-1.1.13.e9e4a0/framework/web/CBaseController.php(172): CBaseController->createWidget('ext.pdfJs.QPdfJ...', Array)
#3 /var/www/first/protected/views/site/index.php(23): CBaseController->widget('ext.pdfJs.QPdfJ...', Array)
#4 /var/www/yii-1.1.13.e9e4a0/framework/web/CBaseController.php(126): require('/var/www/first/...')
#5 /var/www/yii-1.1.13.e9e4a0/framework/web/CBaseController.php(95): CBaseController->renderInternal('/var/www/first/...', NULL, true)
#6 /var/www/yii-1.1.13.e9e4a0/framework/web/CController.php(869): CBaseController->renderFile('/var/www/first/...', NULL, true)
#7 /var/www/yii-1.1.13.e9e4a0/framework/web/CController.php(782): CController->renderPartial('index', NULL, true)
#8 /var/www/first/protected/controllers/SiteController.php(32): CController->render('index')
#9 /var/www/yii-1.1.13.e9e4a0/framework/web/actions/CInlineAction.php(49): SiteController->actionIndex()
#10 /var/www/yii-1.1.13.e9e4a0/framework/web/CController.php(308): CInlineAction->runWithParams(Array)
#11 /var/www/yii-1.1.13.e9e4a0/framework/web/CController.php(286): CController->runAction(Object(CInlineAction))
#12 /var/www/yii-1.1.13.e9e4a0/framework/web/CController.php(265): CController->runActionWithFilters(Object(CInlineAction), Array)
#13 /var/www/yii-1.1.13.e9e4a0/framework/web/CWebApplication.php(282): CController->run('')
#14 /var/www/yii-1.1.13.e9e4a0/framework/web/CWebApplication.php(141): CWebApplication->runController('')
#15 /var/www/yii-1.1.13.e9e4a0/framework/base/CApplication.php(169): CWebApplication->processRequest()
#16 /var/www/first/index.php(13): CApplication->run()
#17 {main}
REQUEST_URI=/first/
---
2014/02/17 18:21:40 [error] [php] Object of class QPdfJs could not be converted to string (/var/www/first/protected/views/site/index.php:23)
Stack trace:
#0 /var/www/yii-1.1.13.e9e4a0/framework/web/CController.php(869): SiteController->renderFile()
#1 /var/www/yii-1.1.13.e9e4a0/framework/web/CController.php(782): SiteController->renderPartial()
#2 /var/www/first/protected/controllers/SiteController.php(32): SiteController->render()
#3 /var/www/yii-1.1.13.e9e4a0/framework/web/actions/CInlineAction.php(49): SiteController->actionIndex()
#4 /var/www/yii-1.1.13.e9e4a0/framework/web/CController.php(308): CInlineAction->runWithParams()
#5 /var/www/yii-1.1.13.e9e4a0/framework/web/CController.php(286): SiteController->runAction()
#6 /var/www/yii-1.1.13.e9e4a0/framework/web/CController.php(265): SiteController->runActionWithFilters()
#7 /var/www/yii-1.1.13.e9e4a0/framework/web/CWebApplication.php(282): SiteController->run()
#8 /var/www/yii-1.1.13.e9e4a0/framework/web/CWebApplication.php(141): CWebApplication->runController()
#9 /var/www/yii-1.1.13.e9e4a0/framework/base/CApplication.php(169): CWebApplication->processRequest()
#10 /var/www/first/index.php(13): CWebApplication->run()
REQUEST_URI=/first/
in /var/www/first/protected/views/site/index.php (23)
in /var/www/first/protected/controllers/SiteController.php (32)
in /var/www/first/index.php (13)
2014/02/17 18:22:22 [error] [exception.CException] exception 'CException' with message 'Alias "app.ext.pdfJs.QPdfJs" is invalid. Make sure it points to an existing directory or file.' in /var/www/yii-1.1.13.e9e4a0/framework/YiiBase.php:341
Stack trace:
#0 /var/www/yii-1.1.13.e9e4a0/framework/web/CWidgetFactory.php(146): YiiBase::import('app.ext.pdfJs.Q...', true)
#1 /var/www/yii-1.1.13.e9e4a0/framework/web/CBaseController.php(146): CWidgetFactory->createWidget(Object(SiteController), 'app.ext.pdfJs.Q...', Array)
#2 /var/www/yii-1.1.13.e9e4a0/framework/web/CBaseController.php(172): CBaseController->createWidget('app.ext.pdfJs.Q...', Array)
#3 /var/www/first/protected/views/site/index.php(25): CBaseController->widget('app.ext.pdfJs.Q...', Array)
#4 /var/www/yii-1.1.13.e9e4a0/framework/web/CBaseController.php(126): require('/var/www/first/...')
#5 /var/www/yii-1.1.13.e9e4a0/framework/web/CBaseController.php(95): CBaseController->renderInternal('/var/www/first/...', NULL, true)
#6 /var/www/yii-1.1.13.e9e4a0/framework/web/CController.php(869): CBaseController->renderFile('/var/www/first/...', NULL, true)
#7 /var/www/yii-1.1.13.e9e4a0/framework/web/CController.php(782): CController->renderPartial('index', NULL, true)
#8 /var/www/first/protected/controllers/SiteController.php(32): CController->render('index')
#9 /var/www/yii-1.1.13.e9e4a0/framework/web/actions/CInlineAction.php(49): SiteController->actionIndex()
#10 /var/www/yii-1.1.13.e9e4a0/framework/web/CController.php(308): CInlineAction->runWithParams(Array)
#11 /var/www/yii-1.1.13.e9e4a0/framework/web/CController.php(286): CController->runAction(Object(CInlineAction))
#12 /var/www/yii-1.1.13.e9e4a0/framework/web/CController.php(265): CController->runActionWithFilters(Object(CInlineAction), Array)
#13 /var/www/yii-1.1.13.e9e4a0/framework/web/CWebApplication.php(282): CController->run('')
#14 /var/www/yii-1.1.13.e9e4a0/framework/web/CWebApplication.php(141): CWebApplication->runController('')
#15 /var/www/yii-1.1.13.e9e4a0/framework/base/CApplication.php(169): CWebApplication->processRequest()
#16 /var/www/first/index.php(13): CApplication->run()
#17 {main}
REQUEST_URI=/first/
---
